  Application.cpp
  log.cpp
  Main.cpp
  ModuleCamera.cpp
E:\Master\HelloEngine\ModuleCamera.cpp(189,15): warning C4244: '+=': conversión de 'double' a 'float'; posible pérdida de datos
E:\Master\HelloEngine\ModuleCamera.cpp(207,30): warning C4244: 'argumento': conversión de 'double' a 'float'; posible pérdida de datos
E:\Master\HelloEngine\ModuleCamera.cpp(228,32): warning C4244: 'argumento': conversión de 'double' a 'float'; posible pérdida de datos
E:\Master\HelloEngine\ModuleCamera.cpp(236,54): warning C4244: 'argumento': conversión de 'double' a 'float'; posible pérdida de datos
E:\Master\HelloEngine\ModuleCamera.cpp(246,54): warning C4244: 'argumento': conversión de 'double' a 'float'; posible pérdida de datos
E:\Master\HelloEngine\ModuleCamera.cpp(266,32): warning C4244: 'argumento': conversión de 'double' a 'float'; posible pérdida de datos
  ModuleDebugDraw.cpp
  ModuleInput.cpp
  ModuleProgram.cpp
  ModuleRender.cpp
  ModuleRenderExercise.cpp
E:\Master\HelloEngine\ModuleRenderExercise.cpp(87,13): warning C4305: 'return': truncamiento de 'int' a 'bool'
E:\Master\HelloEngine\ModuleRenderExercise.cpp(105,12): warning C4305: 'return': truncamiento de 'int' a 'bool'
  ModuleTexture.cpp
  ModuleWindow.cpp
  GJK.cpp
E:\Master\HelloEngine\src\Math\float4d.h(197,3): warning C4244: 'argumento': conversión de 'const double' a 'float'; posible pérdida de datos
E:\Master\HelloEngine\src\Math\float4d.h(198,10): warning C4244: 'argumento': conversión de 'const double' a 'float'; posible pérdida de datos
E:\Master\HelloEngine\src\Math\float4d.h(203,3): warning C4244: 'argumento': conversión de 'const double' a 'float'; posible pérdida de datos
E:\Master\HelloEngine\src\Math\float4d.h(204,10): warning C4244: 'argumento': conversión de 'const double' a 'float'; posible pérdida de datos
  GJK2D.cpp
  LCG.cpp
E:\Master\HelloEngine\src\Time\Clock.h(28,1): warning C4005: '_WIN32': redefinición de macro
E:\Master\HelloEngine\src\Algorithm\Random\LCG.cpp : message : vea la definición anterior de '_WIN32'
  SAT.cpp
  AABB.cpp
E:\Master\HelloEngine\src\Geometry\AABB.cpp(1207,2): warning C4996: 'sprintf': This function or variable may be unsafe. Consider using sprintf_s instead. To disable deprecation, use _CRT_SECURE_NO_WARNINGS. See online help for details.
  Capsule.cpp
E:\Master\HelloEngine\src\Geometry\Capsule.cpp(457,2): warning C4996: 'sprintf': This function or variable may be unsafe. Consider using sprintf_s instead. To disable deprecation, use _CRT_SECURE_NO_WARNINGS. See online help for details.
E:\Master\HelloEngine\src\Geometry\Capsule.cpp(479,2): warning C4996: 'sprintf': This function or variable may be unsafe. Consider using sprintf_s instead. To disable deprecation, use _CRT_SECURE_NO_WARNINGS. See online help for details.
  Circle.cpp
E:\Master\HelloEngine\src\Geometry\Circle.cpp(257,2): warning C4996: 'sprintf': This function or variable may be unsafe. Consider using sprintf_s instead. To disable deprecation, use _CRT_SECURE_NO_WARNINGS. See online help for details.
  Circle2D.cpp
E:\Master\HelloEngine\src\Geometry\Circle2D.cpp(292,2): warning C4996: 'sprintf': This function or variable may be unsafe. Consider using sprintf_s instead. To disable deprecation, use _CRT_SECURE_NO_WARNINGS. See online help for details.
  Frustum.cpp
E:\Master\HelloEngine\src\Geometry\Frustum.cpp(1117,2): warning C4996: 'sprintf': This function or variable may be unsafe. Consider using sprintf_s instead. To disable deprecation, use _CRT_SECURE_NO_WARNINGS. See online help for details.
  Generando código...
  Compilando...
  Line.cpp
E:\Master\HelloEngine\src\Geometry\Line.cpp(363,2): warning C4996: 'sprintf': This function or variable may be unsafe. Consider using sprintf_s instead. To disable deprecation, use _CRT_SECURE_NO_WARNINGS. See online help for details.
  LineSegment.cpp
E:\Master\HelloEngine\src\Math\float4d.h(197,3): warning C4244: 'argumento': conversión de 'const double' a 'float'; posible pérdida de datos
E:\Master\HelloEngine\src\Math\float4d.h(198,10): warning C4244: 'argumento': conversión de 'const double' a 'float'; posible pérdida de datos
E:\Master\HelloEngine\src\Math\float4d.h(203,3): warning C4244: 'argumento': conversión de 'const double' a 'float'; posible pérdida de datos
E:\Master\HelloEngine\src\Math\float4d.h(204,10): warning C4244: 'argumento': conversión de 'const double' a 'float'; posible pérdida de datos
E:\Master\HelloEngine\src\Geometry\LineSegment.cpp(459,2): warning C4996: 'sprintf': This function or variable may be unsafe. Consider using sprintf_s instead. To disable deprecation, use _CRT_SECURE_NO_WARNINGS. See online help for details.
  LineSegment2D.cpp
E:\Master\HelloEngine\src\Geometry\AABB2D.h(135,3): warning C4996: 'sprintf': This function or variable may be unsafe. Consider using sprintf_s instead. To disable deprecation, use _CRT_SECURE_NO_WARNINGS. See online help for details.
E:\Master\HelloEngine\src\Geometry\LineSegment2D.cpp(512,2): warning C4996: 'sprintf': This function or variable may be unsafe. Consider using sprintf_s instead. To disable deprecation, use _CRT_SECURE_NO_WARNINGS. See online help for details.
  OBB.cpp
E:\Master\HelloEngine\src\Time\Clock.h(28,1): warning C4005: '_WIN32': redefinición de macro
E:\Master\HelloEngine\src\Geometry\OBB.cpp : message : vea la definición anterior de '_WIN32'
E:\Master\HelloEngine\src\Math\float4d.h(197,3): warning C4244: 'argumento': conversión de 'const double' a 'float'; posible pérdida de datos
E:\Master\HelloEngine\src\Math\float4d.h(198,10): warning C4244: 'argumento': conversión de 'const double' a 'float'; posible pérdida de datos
E:\Master\HelloEngine\src\Math\float4d.h(203,3): warning C4244: 'argumento': conversión de 'const double' a 'float'; posible pérdida de datos
E:\Master\HelloEngine\src\Math\float4d.h(204,10): warning C4244: 'argumento': conversión de 'const double' a 'float'; posible pérdida de datos
E:\Master\HelloEngine\src\Geometry\OBB.cpp(2810,2): warning C4996: 'sprintf': This function or variable may be unsafe. Consider using sprintf_s instead. To disable deprecation, use _CRT_SECURE_NO_WARNINGS. See online help for details.
  PBVolume.cpp
  Plane.cpp
E:\Master\HelloEngine\src\Geometry\Plane.cpp(920,2): warning C4996: 'sprintf': This function or variable may be unsafe. Consider using sprintf_s instead. To disable deprecation, use _CRT_SECURE_NO_WARNINGS. See online help for details.
E:\Master\HelloEngine\src\Geometry\Plane.cpp(939,2): warning C4996: 'sprintf': This function or variable may be unsafe. Consider using sprintf_s instead. To disable deprecation, use _CRT_SECURE_NO_WARNINGS. See online help for details.
  Polygon.cpp
  Polyhedron.cpp
E:\Master\HelloEngine\src\Time\Clock.h(28,1): warning C4005: '_WIN32': redefinición de macro
E:\Master\HelloEngine\src\Geometry\Polyhedron.cpp : message : vea la definición anterior de '_WIN32'
E:\Master\HelloEngine\src\Math\float4d.h(197,3): warning C4244: 'argumento': conversión de 'const double' a 'float'; posible pérdida de datos
E:\Master\HelloEngine\src\Math\float4d.h(198,10): warning C4244: 'argumento': conversión de 'const double' a 'float'; posible pérdida de datos
E:\Master\HelloEngine\src\Math\float4d.h(203,3): warning C4244: 'argumento': conversión de 'const double' a 'float'; posible pérdida de datos
E:\Master\HelloEngine\src\Math\float4d.h(204,10): warning C4244: 'argumento': conversión de 'const double' a 'float'; posible pérdida de datos
  Ray.cpp
E:\Master\HelloEngine\src\Geometry\Ray.cpp(368,2): warning C4996: 'sprintf': This function or variable may be unsafe. Consider using sprintf_s instead. To disable deprecation, use _CRT_SECURE_NO_WARNINGS. See online help for details.
  Sphere.cpp
E:\Master\HelloEngine\src\Geometry\Sphere.cpp(1382,2): warning C4996: 'sprintf': This function or variable may be unsafe. Consider using sprintf_s instead. To disable deprecation, use _CRT_SECURE_NO_WARNINGS. See online help for details.
E:\Master\HelloEngine\src\Geometry\Sphere.cpp(1402,2): warning C4996: 'sprintf': This function or variable may be unsafe. Consider using sprintf_s instead. To disable deprecation, use _CRT_SECURE_NO_WARNINGS. See online help for details.
  Triangle.cpp
E:\Master\HelloEngine\src\Math\float4d.h(197,3): warning C4244: 'argumento': conversión de 'const double' a 'float'; posible pérdida de datos
E:\Master\HelloEngine\src\Math\float4d.h(198,10): warning C4244: 'argumento': conversión de 'const double' a 'float'; posible pérdida de datos
E:\Master\HelloEngine\src\Math\float4d.h(203,3): warning C4244: 'argumento': conversión de 'const double' a 'float'; posible pérdida de datos
E:\Master\HelloEngine\src\Math\float4d.h(204,10): warning C4244: 'argumento': conversión de 'const double' a 'float'; posible pérdida de datos
E:\Master\HelloEngine\src\Geometry\Triangle.cpp(1956,2): warning C4996: 'sprintf': This function or variable may be unsafe. Consider using sprintf_s instead. To disable deprecation, use _CRT_SECURE_NO_WARNINGS. See online help for details.
  Triangle2D.cpp
E:\Master\HelloEngine\src\Geometry\AABB2D.h(135,3): warning C4996: 'sprintf': This function or variable may be unsafe. Consider using sprintf_s instead. To disable deprecation, use _CRT_SECURE_NO_WARNINGS. See online help for details.
E:\Master\HelloEngine\src\Geometry\Triangle2D.cpp(1699,2): warning C4996: 'sprintf': This function or variable may be unsafe. Consider using sprintf_s instead. To disable deprecation, use _CRT_SECURE_NO_WARNINGS. See online help for details.
  TriangleMesh.cpp
  BitOps.cpp
  Callstack.cpp
  float2.cpp
E:\Master\HelloEngine\src\Math\float2.cpp(219,2): warning C4996: 'sprintf': This function or variable may be unsafe. Consider using sprintf_s instead. To disable deprecation, use _CRT_SECURE_NO_WARNINGS. See online help for details.
  float3.cpp
E:\Master\HelloEngine\src\Math\float3.cpp(216,2): warning C4996: 'sprintf': This function or variable may be unsafe. Consider using sprintf_s instead. To disable deprecation, use _CRT_SECURE_NO_WARNINGS. See online help for details.
  float3x3.cpp
E:\Master\HelloEngine\src\Math\float3x3.cpp(1397,2): warning C4996: 'sprintf': This function or variable may be unsafe. Consider using sprintf_s instead. To disable deprecation, use _CRT_SECURE_NO_WARNINGS. See online help for details.
E:\Master\HelloEngine\src\Math\float3x3.cpp(1425,2): warning C4996: 'sprintf': This function or variable may be unsafe. Consider using sprintf_s instead. To disable deprecation, use _CRT_SECURE_NO_WARNINGS. See online help for details.
  float3x4.cpp
E:\Master\HelloEngine\src\Math\float3x4.cpp(1545,2): warning C4996: 'sprintf': This function or variable may be unsafe. Consider using sprintf_s instead. To disable deprecation, use _CRT_SECURE_NO_WARNINGS. See online help for details.
E:\Master\HelloEngine\src\Math\float3x4.cpp(1576,2): warning C4996: 'sprintf': This function or variable may be unsafe. Consider using sprintf_s instead. To disable deprecation, use _CRT_SECURE_NO_WARNINGS. See online help for details.
  float4.cpp
E:\Master\HelloEngine\src\Math\float4.cpp(508,2): warning C4996: 'sprintf': This function or variable may be unsafe. Consider using sprintf_s instead. To disable deprecation, use _CRT_SECURE_NO_WARNINGS. See online help for details.
  Generando código...
  Compilando...
  float4d.cpp
E:\Master\HelloEngine\src\Math\float4d.h(197,3): warning C4244: 'argumento': conversión de 'const double' a 'float'; posible pérdida de datos
E:\Master\HelloEngine\src\Math\float4d.h(198,10): warning C4244: 'argumento': conversión de 'const double' a 'float'; posible pérdida de datos
E:\Master\HelloEngine\src\Math\float4d.h(203,3): warning C4244: 'argumento': conversión de 'const double' a 'float'; posible pérdida de datos
E:\Master\HelloEngine\src\Math\float4d.h(204,10): warning C4244: 'argumento': conversión de 'const double' a 'float'; posible pérdida de datos
E:\Master\HelloEngine\src\Math\float4d.cpp(35,2): warning C4996: 'sprintf': This function or variable may be unsafe. Consider using sprintf_s instead. To disable deprecation, use _CRT_SECURE_NO_WARNINGS. See online help for details.
  float4x4.cpp
E:\Master\HelloEngine\src\Math\float4x4.cpp(1998,2): warning C4996: 'sprintf': This function or variable may be unsafe. Consider using sprintf_s instead. To disable deprecation, use _CRT_SECURE_NO_WARNINGS. See online help for details.
E:\Master\HelloEngine\src\Math\float4x4.cpp(2034,2): warning C4996: 'sprintf': This function or variable may be unsafe. Consider using sprintf_s instead. To disable deprecation, use _CRT_SECURE_NO_WARNINGS. See online help for details.
  grisu3_cpp.cpp
  MathFunc.cpp
E:\Master\HelloEngine\src\Math\MathFunc.cpp(639,18): warning C4996: 'sprintf': This function or variable may be unsafe. Consider using sprintf_s instead. To disable deprecation, use _CRT_SECURE_NO_WARNINGS. See online help for details.
E:\Master\HelloEngine\src\Math\MathFunc.cpp(656,11): warning C4996: 'sscanf': This function or variable may be unsafe. Consider using sscanf_s instead. To disable deprecation, use _CRT_SECURE_NO_WARNINGS. See online help for details.
  MathLog.cpp
  MathOps.cpp
  MiniFloat.cpp
  Polynomial.cpp
  Quat.cpp
E:\Master\HelloEngine\src\Math\Quat.cpp(792,2): warning C4996: 'sprintf': This function or variable may be unsafe. Consider using sprintf_s instead. To disable deprecation, use _CRT_SECURE_NO_WARNINGS. See online help for details.
E:\Master\HelloEngine\src\Math\Quat.cpp(802,2): warning C4996: 'sprintf': This function or variable may be unsafe. Consider using sprintf_s instead. To disable deprecation, use _CRT_SECURE_NO_WARNINGS. See online help for details.
  SSEMath.cpp
  TransformOps.cpp
E:\Master\HelloEngine\src\Math\TransformOps.cpp(77,2): warning C4996: 'sprintf': This function or variable may be unsafe. Consider using sprintf_s instead. To disable deprecation, use _CRT_SECURE_NO_WARNINGS. See online help for details.
E:\Master\HelloEngine\src\Math\TransformOps.cpp(293,2): warning C4996: 'sprintf': This function or variable may be unsafe. Consider using sprintf_s instead. To disable deprecation, use _CRT_SECURE_NO_WARNINGS. See online help for details.
  Clock.cpp
E:\Master\HelloEngine\src\Time\Clock.h(28,1): warning C4005: '_WIN32': redefinición de macro
E:\Master\HelloEngine\src\Time\Clock.cpp : message : vea la definición anterior de '_WIN32'
  Generando código...
  grisu3.c
E:\Master\HelloEngine\src\Math\grisu3.c(323,4): warning C4996: 'strcpy': This function or variable may be unsafe. Consider using strcpy_s instead. To disable deprecation, use _CRT_SECURE_NO_WARNINGS. See online help for details.
E:\Master\HelloEngine\src\Math\grisu3.c(348,10): warning C4996: 'sprintf': This function or variable may be unsafe. Consider using sprintf_s instead. To disable deprecation, use _CRT_SECURE_NO_WARNINGS. See online help for details.
E:\Master\HelloEngine\src\Math\grisu3.c(365,10): warning C4996: 'sprintf': This function or variable may be unsafe. Consider using sprintf_s instead. To disable deprecation, use _CRT_SECURE_NO_WARNINGS. See online help for details.
  Engine.vcxproj -> E:\Master\HelloEngine\Debug\EngineMaster.exe
