c:\users\magri\desktop\enginedraw\debug\vc142.pdb
c:\users\magri\desktop\enginedraw\debug\vc142.idb
c:\users\magri\desktop\enginedraw\debug\linesegment.obj
c:\users\magri\desktop\enginedraw\debug\line.obj
c:\users\magri\desktop\enginedraw\debug\frustum.obj
c:\users\magri\desktop\enginedraw\debug\circle2d.obj
c:\users\magri\desktop\enginedraw\debug\circle.obj
c:\users\magri\desktop\enginedraw\debug\capsule.obj
c:\users\magri\desktop\enginedraw\debug\aabb.obj
c:\users\magri\desktop\enginedraw\debug\sat.obj
c:\users\magri\desktop\enginedraw\debug\lcg.obj
c:\users\magri\desktop\enginedraw\debug\gjk2d.obj
c:\users\magri\desktop\enginedraw\debug\gjk.obj
c:\users\magri\desktop\enginedraw\debug\modulewindow.obj
c:\users\magri\desktop\enginedraw\debug\modulerenderexercise.obj
c:\users\magri\desktop\enginedraw\debug\modulerender.obj
c:\users\magri\desktop\enginedraw\debug\moduleprogram.obj
c:\users\magri\desktop\enginedraw\debug\moduleinput.obj
c:\users\magri\desktop\enginedraw\debug\modulecamera.obj
c:\users\magri\desktop\enginedraw\debug\main.obj
c:\users\magri\desktop\enginedraw\debug\log.obj
c:\users\magri\desktop\enginedraw\debug\application.obj
c:\users\magri\desktop\enginedraw\debug\float4x4.obj
c:\users\magri\desktop\enginedraw\debug\float4d.obj
c:\users\magri\desktop\enginedraw\debug\float4.obj
c:\users\magri\desktop\enginedraw\debug\float3x4.obj
c:\users\magri\desktop\enginedraw\debug\float3x3.obj
c:\users\magri\desktop\enginedraw\debug\float3.obj
c:\users\magri\desktop\enginedraw\debug\float2.obj
c:\users\magri\desktop\enginedraw\debug\callstack.obj
c:\users\magri\desktop\enginedraw\debug\bitops.obj
c:\users\magri\desktop\enginedraw\debug\trianglemesh.obj
c:\users\magri\desktop\enginedraw\debug\triangle2d.obj
c:\users\magri\desktop\enginedraw\debug\triangle.obj
c:\users\magri\desktop\enginedraw\debug\sphere.obj
c:\users\magri\desktop\enginedraw\debug\ray.obj
c:\users\magri\desktop\enginedraw\debug\polyhedron.obj
c:\users\magri\desktop\enginedraw\debug\polygon.obj
c:\users\magri\desktop\enginedraw\debug\plane.obj
c:\users\magri\desktop\enginedraw\debug\pbvolume.obj
c:\users\magri\desktop\enginedraw\debug\obb.obj
c:\users\magri\desktop\enginedraw\debug\linesegment2d.obj
c:\users\magri\desktop\enginedraw\debug\clock.obj
c:\users\magri\desktop\enginedraw\debug\transformops.obj
c:\users\magri\desktop\enginedraw\debug\ssemath.obj
c:\users\magri\desktop\enginedraw\debug\quat.obj
c:\users\magri\desktop\enginedraw\debug\polynomial.obj
c:\users\magri\desktop\enginedraw\debug\minifloat.obj
c:\users\magri\desktop\enginedraw\debug\mathops.obj
c:\users\magri\desktop\enginedraw\debug\mathlog.obj
c:\users\magri\desktop\enginedraw\debug\mathfunc.obj
c:\users\magri\desktop\enginedraw\debug\grisu3_cpp.obj
c:\users\magri\desktop\enginedraw\debug\grisu3.obj
c:\users\magri\desktop\enginedraw\debug\enginemaster.ilk
c:\users\magri\desktop\enginedraw\debug\enginemaster.exe
c:\users\magri\desktop\enginedraw\debug\enginemaster.pdb
c:\users\magri\desktop\enginedraw\debug\enginemaster.tlog\cl.command.1.tlog
c:\users\magri\desktop\enginedraw\debug\enginemaster.tlog\cl.read.1.tlog
c:\users\magri\desktop\enginedraw\debug\enginemaster.tlog\cl.write.1.tlog
c:\users\magri\desktop\enginedraw\debug\enginemaster.tlog\link.command.1.tlog
c:\users\magri\desktop\enginedraw\debug\enginemaster.tlog\link.read.1.tlog
c:\users\magri\desktop\enginedraw\debug\enginemaster.tlog\link.write.1.tlog
